2018-12-13 00:12:30 SQL Error :
------------
String:
SQL: <br/>select id from `ims_ewei_shop_raise_forum_review` where reply_id = 0 and forum_id in () <hr/>Params: <br/>array (
)<hr/>SQL Error: <br/>You have an error in your SQL syntax; check the manual that corresponds to your MySQL server version for the right syntax to use near ')' at line 1<hr/>Traces: <br/>file: /framework/class/db.class.php; line: 194; <br />file: /framework/function/pdo.func.php; line: 44; <br />file: /addons/ewei_shopv2/plugin/app/core/mobile/forum/index.php; line: 172; <br />file: /addons/ewei_shopv2/core/model/route.php; line: 202; <br />file: /addons/ewei_shopv2/site.php; line: 49; <br />file: /app/ewei_shopv2_api.php; line: 30; <br />

2018-12-13 00:12:30 SQL Error :
------------
String:
SQL: <br/>select count(distinct forum_id) from `ims_ewei_shop_raise_forum_review` where reply_id in () and forum_id in () <hr/>Params: <br/>array (
)<hr/>SQL Error: <br/>You have an error in your SQL syntax; check the manual that corresponds to your MySQL server version for the right syntax to use near ') and forum_id in ()' at line 1<hr/>Traces: <br/>file: /framework/class/db.class.php; line: 140; <br />file: /framework/function/pdo.func.php; line: 36; <br />file: /addons/ewei_shopv2/plugin/app/core/mobile/forum/index.php; line: 175; <br />file: /addons/ewei_shopv2/core/model/route.php; line: 202; <br />file: /addons/ewei_shopv2/site.php; line: 49; <br />file: /app/ewei_shopv2_api.php; line: 30; <br />

2018-12-13 00:18:36 SQL Error :
------------
String:
SQL: <br/>select id from `ims_ewei_shop_raise_forum_review` where reply_id = 0 and forum_id in () <hr/>Params: <br/>array (
)<hr/>SQL Error: <br/>You have an error in your SQL syntax; check the manual that corresponds to your MySQL server version for the right syntax to use near ')' at line 1<hr/>Traces: <br/>file: /framework/class/db.class.php; line: 194; <br />file: /framework/function/pdo.func.php; line: 44; <br />file: /addons/ewei_shopv2/plugin/app/core/mobile/forum/index.php; line: 172; <br />file: /addons/ewei_shopv2/core/model/route.php; line: 202; <br />file: /addons/ewei_shopv2/site.php; line: 49; <br />file: /app/ewei_shopv2_api.php; line: 30; <br />

2018-12-13 00:18:36 SQL Error :
------------
String:
SQL: <br/>select count(distinct forum_id) from `ims_ewei_shop_raise_forum_review` where reply_id in () and forum_id in () <hr/>Params: <br/>array (
)<hr/>SQL Error: <br/>You have an error in your SQL syntax; check the manual that corresponds to your MySQL server version for the right syntax to use near ') and forum_id in ()' at line 1<hr/>Traces: <br/>file: /framework/class/db.class.php; line: 140; <br />file: /framework/function/pdo.func.php; line: 36; <br />file: /addons/ewei_shopv2/plugin/app/core/mobile/forum/index.php; line: 175; <br />file: /addons/ewei_shopv2/core/model/route.php; line: 202; <br />file: /addons/ewei_shopv2/site.php; line: 49; <br />file: /app/ewei_shopv2_api.php; line: 30; <br />

2018-12-13 00:18:49 SQL Error :
------------
String:
SQL: <br/>select s.id,title,thumbs,video,m.nickname,avatar,support_count,verify_count,target_money,refer_money,s.status from `ims_ewei_shop_raise_starter` s inner join `ims_ewei_shop_member` m on(s.pusher = m.openid) where s.uniacid =:uniacid and s.status = 1 and s.del != 1 and s.aborttime > :time and s.refer_money < s.target_money and s.category = :category order by s.id desc limit 0,5<hr/>Params: <br/>array (
  ':uniacid' => 73,
  ':time' => 1544631529,
  ':category' => 20,
)<hr/>SQL Error: <br/>Unknown column 's.del' in 'where clause'<hr/>Traces: <br/>file: /framework/class/db.class.php; line: 194; <br />file: /framework/function/pdo.func.php; line: 44; <br />file: /addons/ewei_shopv2/plugin/app/core/mobile/raise/index.php; line: 493; <br />file: /addons/ewei_shopv2/core/model/route.php; line: 202; <br />file: /addons/ewei_shopv2/site.php; line: 49; <br />file: /app/ewei_shopv2_api.php; line: 30; <br />

2018-12-13 03:42:54 SQL Error :
------------
String:
SQL: <br/>select id from `ims_ewei_shop_raise_forum_review` where reply_id = 0 and forum_id in () <hr/>Params: <br/>array (
)<hr/>SQL Error: <br/>You have an error in your SQL syntax; check the manual that corresponds to your MySQL server version for the right syntax to use near ')' at line 1<hr/>Traces: <br/>file: /framework/class/db.class.php; line: 194; <br />file: /framework/function/pdo.func.php; line: 44; <br />file: /addons/ewei_shopv2/plugin/app/core/mobile/forum/index.php; line: 172; <br />file: /addons/ewei_shopv2/core/model/route.php; line: 202; <br />file: /addons/ewei_shopv2/site.php; line: 49; <br />file: /app/ewei_shopv2_api.php; line: 30; <br />

2018-12-13 03:42:54 SQL Error :
------------
String:
SQL: <br/>select count(distinct forum_id) from `ims_ewei_shop_raise_forum_review` where reply_id in () and forum_id in () <hr/>Params: <br/>array (
)<hr/>SQL Error: <br/>You have an error in your SQL syntax; check the manual that corresponds to your MySQL server version for the right syntax to use near ') and forum_id in ()' at line 1<hr/>Traces: <br/>file: /framework/class/db.class.php; line: 140; <br />file: /framework/function/pdo.func.php; line: 36; <br />file: /addons/ewei_shopv2/plugin/app/core/mobile/forum/index.php; line: 175; <br />file: /addons/ewei_shopv2/core/model/route.php; line: 202; <br />file: /addons/ewei_shopv2/site.php; line: 49; <br />file: /app/ewei_shopv2_api.php; line: 30; <br />

2018-12-13 03:43:12 SQL Error :
------------
String:
SQL: <br/>select s.id,title,thumbs,video,m.nickname,avatar,support_count,verify_count,target_money,refer_money,s.status from `ims_ewei_shop_raise_starter` s inner join `ims_ewei_shop_member` m on(s.pusher = m.openid) where s.uniacid =:uniacid and s.status = 1 and s.del != 1 and s.aborttime > :time and s.refer_money < s.target_money and s.category = :category order by s.id desc limit 0,5<hr/>Params: <br/>array (
  ':uniacid' => 73,
  ':time' => 1544643792,
  ':category' => 20,
)<hr/>SQL Error: <br/>Unknown column 's.del' in 'where clause'<hr/>Traces: <br/>file: /framework/class/db.class.php; line: 194; <br />file: /framework/function/pdo.func.php; line: 44; <br />file: /addons/ewei_shopv2/plugin/app/core/mobile/raise/index.php; line: 493; <br />file: /addons/ewei_shopv2/core/model/route.php; line: 202; <br />file: /addons/ewei_shopv2/site.php; line: 49; <br />file: /app/ewei_shopv2_api.php; line: 30; <br />

2018-12-13 12:08:33 SQL Error :
------------
String:
SQL: <br/>select id from `ims_ewei_shop_raise_forum_review` where reply_id = 0 and forum_id in () <hr/>Params: <br/>array (
)<hr/>SQL Error: <br/>You have an error in your SQL syntax; check the manual that corresponds to your MySQL server version for the right syntax to use near ')' at line 1<hr/>Traces: <br/>file: /framework/class/db.class.php; line: 194; <br />file: /framework/function/pdo.func.php; line: 44; <br />file: /addons/ewei_shopv2/plugin/app/core/mobile/forum/index.php; line: 172; <br />file: /addons/ewei_shopv2/core/model/route.php; line: 202; <br />file: /addons/ewei_shopv2/site.php; line: 49; <br />file: /app/ewei_shopv2_api.php; line: 30; <br />

2018-12-13 12:08:33 SQL Error :
------------
String:
SQL: <br/>select count(distinct forum_id) from `ims_ewei_shop_raise_forum_review` where reply_id in () and forum_id in () <hr/>Params: <br/>array (
)<hr/>SQL Error: <br/>You have an error in your SQL syntax; check the manual that corresponds to your MySQL server version for the right syntax to use near ') and forum_id in ()' at line 1<hr/>Traces: <br/>file: /framework/class/db.class.php; line: 140; <br />file: /framework/function/pdo.func.php; line: 36; <br />file: /addons/ewei_shopv2/plugin/app/core/mobile/forum/index.php; line: 175; <br />file: /addons/ewei_shopv2/core/model/route.php; line: 202; <br />file: /addons/ewei_shopv2/site.php; line: 49; <br />file: /app/ewei_shopv2_api.php; line: 30; <br />

2018-12-13 13:57:27 SQL Error :
------------
String:
SQL: <br/>select id from `ims_ewei_shop_raise_forum_review` where reply_id = 0 and forum_id in () <hr/>Params: <br/>array (
)<hr/>SQL Error: <br/>You have an error in your SQL syntax; check the manual that corresponds to your MySQL server version for the right syntax to use near ')' at line 1<hr/>Traces: <br/>file: /framework/class/db.class.php; line: 194; <br />file: /framework/function/pdo.func.php; line: 44; <br />file: /addons/ewei_shopv2/plugin/app/core/mobile/forum/index.php; line: 172; <br />file: /addons/ewei_shopv2/core/model/route.php; line: 202; <br />file: /addons/ewei_shopv2/site.php; line: 49; <br />file: /app/ewei_shopv2_api.php; line: 30; <br />

2018-12-13 13:57:27 SQL Error :
------------
String:
SQL: <br/>select count(distinct forum_id) from `ims_ewei_shop_raise_forum_review` where reply_id in () and forum_id in () <hr/>Params: <br/>array (
)<hr/>SQL Error: <br/>You have an error in your SQL syntax; check the manual that corresponds to your MySQL server version for the right syntax to use near ') and forum_id in ()' at line 1<hr/>Traces: <br/>file: /framework/class/db.class.php; line: 140; <br />file: /framework/function/pdo.func.php; line: 36; <br />file: /addons/ewei_shopv2/plugin/app/core/mobile/forum/index.php; line: 175; <br />file: /addons/ewei_shopv2/core/model/route.php; line: 202; <br />file: /addons/ewei_shopv2/site.php; line: 49; <br />file: /app/ewei_shopv2_api.php; line: 30; <br />

2018-12-13 16:14:35 SQL Error :
------------
String:
SQL: <br/>select id from `ims_ewei_shop_raise_forum_review` where reply_id = 0 and forum_id in () <hr/>Params: <br/>array (
)<hr/>SQL Error: <br/>You have an error in your SQL syntax; check the manual that corresponds to your MySQL server version for the right syntax to use near ')' at line 1<hr/>Traces: <br/>file: /framework/class/db.class.php; line: 194; <br />file: /framework/function/pdo.func.php; line: 44; <br />file: /addons/ewei_shopv2/plugin/app/core/mobile/forum/index.php; line: 172; <br />file: /addons/ewei_shopv2/core/model/route.php; line: 202; <br />file: /addons/ewei_shopv2/site.php; line: 49; <br />file: /app/ewei_shopv2_api.php; line: 30; <br />

2018-12-13 16:14:35 SQL Error :
------------
String:
SQL: <br/>select count(distinct forum_id) from `ims_ewei_shop_raise_forum_review` where reply_id in () and forum_id in () <hr/>Params: <br/>array (
)<hr/>SQL Error: <br/>You have an error in your SQL syntax; check the manual that corresponds to your MySQL server version for the right syntax to use near ') and forum_id in ()' at line 1<hr/>Traces: <br/>file: /framework/class/db.class.php; line: 140; <br />file: /framework/function/pdo.func.php; line: 36; <br />file: /addons/ewei_shopv2/plugin/app/core/mobile/forum/index.php; line: 175; <br />file: /addons/ewei_shopv2/core/model/route.php; line: 202; <br />file: /addons/ewei_shopv2/site.php; line: 49; <br />file: /app/ewei_shopv2_api.php; line: 30; <br />

2018-12-13 16:16:14 SQL Error :
------------
String:
SQL: <br/>select s.id,title,thumbs,video,m.nickname,avatar,support_count,verify_count,target_money,refer_money,s.status from `ims_ewei_shop_raise_starter` s inner join `ims_ewei_shop_member` m on(s.pusher = m.openid) where s.uniacid =:uniacid and s.status = 1 and s.del != 1 and s.aborttime > :time and s.refer_money < s.target_money and s.category = :category order by s.id desc limit 0,5<hr/>Params: <br/>array (
  ':uniacid' => 73,
  ':time' => 1544688974,
  ':category' => 20,
)<hr/>SQL Error: <br/>Unknown column 's.del' in 'where clause'<hr/>Traces: <br/>file: /framework/class/db.class.php; line: 194; <br />file: /framework/function/pdo.func.php; line: 44; <br />file: /addons/ewei_shopv2/plugin/app/core/mobile/raise/index.php; line: 493; <br />file: /addons/ewei_shopv2/core/model/route.php; line: 202; <br />file: /addons/ewei_shopv2/site.php; line: 49; <br />file: /app/ewei_shopv2_api.php; line: 30; <br />

2018-12-13 16:16:18 SQL Error :
------------
String:
SQL: <br/>select s.id,title,thumbs,video,m.nickname,avatar,support_count,verify_count,target_money,refer_money,s.status from `ims_ewei_shop_raise_starter` s inner join `ims_ewei_shop_member` m on(s.pusher = m.openid) where s.uniacid =:uniacid and s.status = 1 and s.del != 1 and s.aborttime > :time and s.refer_money < s.target_money and s.category = :category order by s.id desc limit 0,5<hr/>Params: <br/>array (
  ':uniacid' => 73,
  ':time' => 1544688978,
  ':category' => 22,
)<hr/>SQL Error: <br/>Unknown column 's.del' in 'where clause'<hr/>Traces: <br/>file: /framework/class/db.class.php; line: 194; <br />file: /framework/function/pdo.func.php; line: 44; <br />file: /addons/ewei_shopv2/plugin/app/core/mobile/raise/index.php; line: 493; <br />file: /addons/ewei_shopv2/core/model/route.php; line: 202; <br />file: /addons/ewei_shopv2/site.php; line: 49; <br />file: /app/ewei_shopv2_api.php; line: 30; <br />

2018-12-13 16:16:23 SQL Error :
------------
String:
SQL: <br/>select s.id,title,thumbs,video,m.nickname,avatar,support_count,verify_count,target_money,refer_money,s.status from `ims_ewei_shop_raise_starter` s inner join `ims_ewei_shop_member` m on(s.pusher = m.openid) where s.uniacid =:uniacid and s.status = 1 and s.del != 1 and s.aborttime > :time and s.refer_money < s.target_money and s.category = :category order by s.id desc limit 0,5<hr/>Params: <br/>array (
  ':uniacid' => 73,
  ':time' => 1544688983,
  ':category' => 20,
)<hr/>SQL Error: <br/>Unknown column 's.del' in 'where clause'<hr/>Traces: <br/>file: /framework/class/db.class.php; line: 194; <br />file: /framework/function/pdo.func.php; line: 44; <br />file: /addons/ewei_shopv2/plugin/app/core/mobile/raise/index.php; line: 493; <br />file: /addons/ewei_shopv2/core/model/route.php; line: 202; <br />file: /addons/ewei_shopv2/site.php; line: 49; <br />file: /app/ewei_shopv2_api.php; line: 30; <br />

2018-12-13 18:08:40 SQL Error :
------------
String:
SQL: <br/>select id from `ims_ewei_shop_raise_forum_review` where reply_id = 0 and forum_id in () <hr/>Params: <br/>array (
)<hr/>SQL Error: <br/>You have an error in your SQL syntax; check the manual that corresponds to your MySQL server version for the right syntax to use near ')' at line 1<hr/>Traces: <br/>file: /framework/class/db.class.php; line: 194; <br />file: /framework/function/pdo.func.php; line: 44; <br />file: /addons/ewei_shopv2/plugin/app/core/mobile/forum/index.php; line: 172; <br />file: /addons/ewei_shopv2/core/model/route.php; line: 202; <br />file: /addons/ewei_shopv2/site.php; line: 49; <br />file: /app/ewei_shopv2_api.php; line: 30; <br />

2018-12-13 18:08:40 SQL Error :
------------
String:
SQL: <br/>select count(distinct forum_id) from `ims_ewei_shop_raise_forum_review` where reply_id in () and forum_id in () <hr/>Params: <br/>array (
)<hr/>SQL Error: <br/>You have an error in your SQL syntax; check the manual that corresponds to your MySQL server version for the right syntax to use near ') and forum_id in ()' at line 1<hr/>Traces: <br/>file: /framework/class/db.class.php; line: 140; <br />file: /framework/function/pdo.func.php; line: 36; <br />file: /addons/ewei_shopv2/plugin/app/core/mobile/forum/index.php; line: 175; <br />file: /addons/ewei_shopv2/core/model/route.php; line: 202; <br />file: /addons/ewei_shopv2/site.php; line: 49; <br />file: /app/ewei_shopv2_api.php; line: 30; <br />

2018-12-13 21:51:44 SQL Error :
------------
String:
SQL: <br/>select s.id,title,thumbs,video,m.nickname,avatar,support_count,verify_count,target_money,refer_money,s.status from `ims_ewei_shop_raise_starter` s inner join `ims_ewei_shop_member` m on(s.pusher = m.openid) where s.uniacid =:uniacid and s.status = 1 and s.del != 1 and s.aborttime > :time and s.refer_money < s.target_money and s.category = :category order by s.id desc limit 0,5<hr/>Params: <br/>array (
  ':uniacid' => 73,
  ':time' => 1544709104,
  ':category' => 20,
)<hr/>SQL Error: <br/>Unknown column 's.del' in 'where clause'<hr/>Traces: <br/>file: /framework/class/db.class.php; line: 194; <br />file: /framework/function/pdo.func.php; line: 44; <br />file: /addons/ewei_shopv2/plugin/app/core/mobile/raise/index.php; line: 493; <br />file: /addons/ewei_shopv2/core/model/route.php; line: 202; <br />file: /addons/ewei_shopv2/site.php; line: 49; <br />file: /app/ewei_shopv2_api.php; line: 30; <br />

2018-12-13 21:55:12 SQL Error :
------------
String:
SQL: <br/>select s.id,title,thumbs,video,m.nickname,avatar,support_count,verify_count,target_money,refer_money,s.status from `ims_ewei_shop_raise_starter` s inner join `ims_ewei_shop_member` m on(s.pusher = m.openid) where s.uniacid =:uniacid and s.status = 1 and s.del != 1 and s.aborttime > :time and s.refer_money < s.target_money and s.category = :category order by s.id desc limit 0,5<hr/>Params: <br/>array (
  ':uniacid' => 73,
  ':time' => 1544709312,
  ':category' => 20,
)<hr/>SQL Error: <br/>Unknown column 's.del' in 'where clause'<hr/>Traces: <br/>file: /framework/class/db.class.php; line: 194; <br />file: /framework/function/pdo.func.php; line: 44; <br />file: /addons/ewei_shopv2/plugin/app/core/mobile/raise/index.php; line: 493; <br />file: /addons/ewei_shopv2/core/model/route.php; line: 202; <br />file: /addons/ewei_shopv2/site.php; line: 49; <br />file: /app/ewei_shopv2_api.php; line: 30; <br />

2018-12-13 22:00:52 SQL Error :
------------
String:
SQL: <br/>select s.id,title,thumbs,video,m.nickname,avatar,support_count,verify_count,target_money,refer_money,s.status from `ims_ewei_shop_raise_starter` s inner join `ims_ewei_shop_member` m on(s.pusher = m.openid) where s.uniacid =:uniacid and s.status = 1 and s.del != 1 and s.aborttime > :time and s.refer_money < s.target_money and s.category = :category order by s.id desc limit 0,5<hr/>Params: <br/>array (
  ':uniacid' => 73,
  ':time' => 1544709652,
  ':category' => 20,
)<hr/>SQL Error: <br/>Unknown column 's.del' in 'where clause'<hr/>Traces: <br/>file: /framework/class/db.class.php; line: 194; <br />file: /framework/function/pdo.func.php; line: 44; <br />file: /addons/ewei_shopv2/plugin/app/core/mobile/raise/index.php; line: 493; <br />file: /addons/ewei_shopv2/core/model/route.php; line: 202; <br />file: /addons/ewei_shopv2/site.php; line: 49; <br />file: /app/ewei_shopv2_api.php; line: 30; <br />

2018-12-13 22:28:10 SQL Error :
------------
String:
SQL: <br/>select s.id,title,thumbs,video,m.nickname,avatar,support_count,verify_count,target_money,refer_money,s.status from `ims_ewei_shop_raise_starter` s inner join `ims_ewei_shop_member` m on(s.pusher = m.openid) where s.uniacid =:uniacid and s.status = 1 and s.del != 1 and s.aborttime > :time and s.refer_money < s.target_money and s.category = :category order by s.id desc limit 0,5<hr/>Params: <br/>array (
  ':uniacid' => 73,
  ':time' => 1544711290,
  ':category' => 20,
)<hr/>SQL Error: <br/>Unknown column 's.del' in 'where clause'<hr/>Traces: <br/>file: /framework/class/db.class.php; line: 194; <br />file: /framework/function/pdo.func.php; line: 44; <br />file: /addons/ewei_shopv2/plugin/app/core/mobile/raise/index.php; line: 493; <br />file: /addons/ewei_shopv2/core/model/route.php; line: 202; <br />file: /addons/ewei_shopv2/site.php; line: 49; <br />file: /app/ewei_shopv2_api.php; line: 30; <br />

